<?xml version="1.0" encoding="UTF-8"?>
<testsuite xmlns:xsi="http://www.w3.org/2001/XMLSchema-instance" xsi:noNamespaceSchemaLocation="https://maven.apache.org/surefire/maven-surefire-plugin/xsd/surefire-test-report.xsd" name="com.crtp.app.AppTest" time="0.092" tests="1" errors="0" skipped="0" failures="0">
  <properties>
    <property name="java.specification.version" value="17"/>
    <property name="sun.jnu.encoding" value="UTF-8"/>
    <property name="java.class.path" value="/home/dlt07/git-work/git-jblock01/jblock01/addr/target/test-classes:/home/dlt07/git-work/git-jblock01/jblock01/addr/target/classes:/home/dlt07/.m2/repository/junit/junit/4.11/junit-4.11.jar:/home/dlt07/.m2/repository/org/hamcrest/hamcrest-core/1.3/hamcrest-core-1.3.jar:/home/dlt07/.m2/repository/com/google/bitcoinj/0.11.3/bitcoinj-0.11.3.jar:/home/dlt07/.m2/repository/com/madgag/sc-light-jdk15on/1.47.0.2/sc-light-jdk15on-1.47.0.2.jar:/home/dlt07/.m2/repository/com/google/protobuf/protobuf-java/2.5.0/protobuf-java-2.5.0.jar:/home/dlt07/.m2/repository/com/google/guava/guava/13.0.1/guava-13.0.1.jar:/home/dlt07/.m2/repository/com/google/code/findbugs/jsr305/1.3.9/jsr305-1.3.9.jar:/home/dlt07/.m2/repository/net/jcip/jcip-annotations/1.0/jcip-annotations-1.0.jar:/home/dlt07/.m2/repository/com/lambdaworks/scrypt/1.3.3/scrypt-1.3.3.jar:/home/dlt07/.m2/repository/org/slf4j/slf4j-api/1.7.5/slf4j-api-1.7.5.jar:"/>
    <property name="java.vm.vendor" value="Private Build"/>
    <property name="sun.arch.data.model" value="64"/>
    <property name="java.vendor.url" value="Unknown"/>
    <property name="os.name" value="Linux"/>
    <property name="java.vm.specification.version" value="17"/>
    <property name="sun.java.launcher" value="SUN_STANDARD"/>
    <property name="user.country" value="US"/>
    <property name="sun.boot.library.path" value="/usr/lib/jvm/java-17-openjdk-amd64/lib"/>
    <property name="sun.java.command" value="/home/dlt07/git-work/git-jblock01/jblock01/addr/target/surefire/surefirebooter190287000761388534.jar /home/dlt07/git-work/git-jblock01/jblock01/addr/target/surefire 2022-03-20T07-45-13_406-jvmRun1 surefire6925372703631760189tmp surefire_016394757381867914263tmp"/>
    <property name="jdk.debug" value="release"/>
    <property name="surefire.test.class.path" value="/home/dlt07/git-work/git-jblock01/jblock01/addr/target/test-classes:/home/dlt07/git-work/git-jblock01/jblock01/addr/target/classes:/home/dlt07/.m2/repository/junit/junit/4.11/junit-4.11.jar:/home/dlt07/.m2/repository/org/hamcrest/hamcrest-core/1.3/hamcrest-core-1.3.jar:/home/dlt07/.m2/repository/com/google/bitcoinj/0.11.3/bitcoinj-0.11.3.jar:/home/dlt07/.m2/repository/com/madgag/sc-light-jdk15on/1.47.0.2/sc-light-jdk15on-1.47.0.2.jar:/home/dlt07/.m2/repository/com/google/protobuf/protobuf-java/2.5.0/protobuf-java-2.5.0.jar:/home/dlt07/.m2/repository/com/google/guava/guava/13.0.1/guava-13.0.1.jar:/home/dlt07/.m2/repository/com/google/code/findbugs/jsr305/1.3.9/jsr305-1.3.9.jar:/home/dlt07/.m2/repository/net/jcip/jcip-annotations/1.0/jcip-annotations-1.0.jar:/home/dlt07/.m2/repository/com/lambdaworks/scrypt/1.3.3/scrypt-1.3.3.jar:/home/dlt07/.m2/repository/org/slf4j/slf4j-api/1.7.5/slf4j-api-1.7.5.jar:"/>
    <property name="sun.cpu.endian" value="little"/>
    <property name="user.home" value="/home/dlt07"/>
    <property name="user.language" value="en"/>
    <property name="java.specification.vendor" value="Oracle Corporation"/>
    <property name="java.version.date" value="2022-01-18"/>
    <property name="java.home" value="/usr/lib/jvm/java-17-openjdk-amd64"/>
    <property name="file.separator" value="/"/>
    <property name="basedir" value="/home/dlt07/git-work/git-jblock01/jblock01/addr"/>
    <property name="java.vm.compressedOopsMode" value="32-bit"/>
    <property name="line.separator" value="&#10;"/>
    <property name="java.vm.specification.vendor" value="Oracle Corporation"/>
    <property name="java.specification.name" value="Java Platform API Specification"/>
    <property name="surefire.real.class.path" value="/home/dlt07/git-work/git-jblock01/jblock01/addr/target/surefire/surefirebooter190287000761388534.jar"/>
    <property name="sun.management.compiler" value="HotSpot 64-Bit Tiered Compilers"/>
    <property name="java.runtime.version" value="17.0.2+8-Ubuntu-122.10"/>
    <property name="user.name" value="dlt07"/>
    <property name="path.separator" value=":"/>
    <property name="os.version" value="5.13.0-35-generic"/>
    <property name="java.runtime.name" value="OpenJDK Runtime Environment"/>
    <property name="file.encoding" value="UTF-8"/>
    <property name="java.vm.name" value="OpenJDK 64-Bit Server VM"/>
    <property name="localRepository" value="/home/dlt07/.m2/repository"/>
    <property name="java.vendor.url.bug" value="Unknown"/>
    <property name="java.io.tmpdir" value="/tmp"/>
    <property name="java.version" value="17.0.2"/>
    <property name="user.dir" value="/home/dlt07/git-work/git-jblock01/jblock01/addr"/>
    <property name="os.arch" value="amd64"/>
    <property name="java.vm.specification.name" value="Java Virtual Machine Specification"/>
    <property name="native.encoding" value="UTF-8"/>
    <property name="java.library.path" value="/usr/java/packages/lib:/usr/lib/x86_64-linux-gnu/jni:/lib/x86_64-linux-gnu:/usr/lib/x86_64-linux-gnu:/usr/lib/jni:/lib:/usr/lib"/>
    <property name="java.vm.info" value="mixed mode, sharing"/>
    <property name="java.vendor" value="Private Build"/>
    <property name="java.vm.version" value="17.0.2+8-Ubuntu-122.10"/>
    <property name="sun.io.unicode.encoding" value="UnicodeLittle"/>
    <property name="java.class.version" value="61.0"/>
  </properties>
  <testcase name="shouldAnswerWithTrue" classname="com.crtp.app.AppTest" time="0.001"/>
</testsuite>